<?xml version="1.0" encoding="UTF-8"?>
<!-- Generated by org.testng.reporters.JUnitReportReporter -->
<testsuite skipped="0" hostname="OJAS-DD282" name="com.draganddrop.DragandDropTest" tests="2" failures="0" timestamp="08 Jan 2021 12:48:51 GMT" time="9.212" errors="0">
  <testcase name="test3" time="6.337" classname="com.draganddrop.DragandDropTest"/>
  <testcase name="test2" time="2.875" classname="com.draganddrop.DragandDropTest"/>
</testsuite> <!-- com.draganddrop.DragandDropTest -->
