<?xml version="1.0" encoding="UTF-8"?>
<!-- Generated by org.testng.reporters.JUnitReportReporter -->
<testsuite skipped="0" hostname="OJAS-DD282" name="com.dropdown1.DropDown1Test" tests="1" failures="0" timestamp="08 Jan 2021 13:33:08 GMT" time="6.793" errors="0">
  <testcase name="test2" time="6.793" classname="com.dropdown1.DropDown1Test"/>
</testsuite> <!-- com.dropdown1.DropDown1Test -->
